<?xml version="1.0" encoding="UTF-8"?>
<testsuite name="prac.demonote.domain.users.UserServiceTest" tests="3" skipped="0" failures="0" errors="0" timestamp="2025-12-23T16:02:17.214Z" hostname="DESKTOP-7LD8TIQ" time="1.473">
  <properties/>
  <testcase name="사용자_생성하면_저장된_정보를_반환한다()" classname="prac.demonote.domain.users.UserServiceTest" time="1.447"/>
  <testcase name="존재하지_않는_사용자를_조회하면_예외를_던진다()" classname="prac.demonote.domain.users.UserServiceTest" time="0.013"/>
  <testcase name="사용자_조회하면_응답을_반환한다()" classname="prac.demonote.domain.users.UserServiceTest" time="0.01"/>
  <system-out><![CDATA[]]></system-out>
  <system-err><![CDATA[Mockito is currently self-attaching to enable the inline-mock-maker. This will no longer work in future releases of the JDK. Please add Mockito as an agent to your build as described in Mockito's documentation: https://javadoc.io/doc/org.mockito/mockito-core/latest/org.mockito/org/mockito/Mockito.html#0.3
WARNING: A Java agent has been loaded dynamically (/root/.gradle/caches/modules-2/files-2.1/net.bytebuddy/byte-buddy-agent/1.17.8/f09415827a71be7ed621c7bd02550678f28bc81c/byte-buddy-agent-1.17.8.jar)
WARNING: If a serviceability tool is in use, please run with -XX:+EnableDynamicAgentLoading to hide this warning
WARNING: If a serviceability tool is not in use, please run with -Djdk.instrument.traceUsage for more information
WARNING: Dynamic loading of agents will be disallowed by default in a future release
]]></system-err>
</testsuite>
