<?xml version="1.0" encoding="UTF-8"?>
<testsuite name="prac.demonote.domain.note.NoteServiceTest" tests="1" skipped="0" failures="0" errors="0" timestamp="2025-12-17T08:59:43.503Z" hostname="DESKTOP-EFD5M71" time="0.846">
  <properties/>
  <testcase name="노트 저장 실패 - title 누락" classname="prac.demonote.domain.note.NoteServiceTest" time="0.846"/>
  <system-out><![CDATA[]]></system-out>
  <system-err><![CDATA[Mockito is currently self-attaching to enable the inline-mock-maker. This will no longer work in future releases of the JDK. Please add Mockito as an agent to your build as described in Mockito's documentation: https://javadoc.io/doc/org.mockito/mockito-core/latest/org.mockito/org/mockito/Mockito.html#0.3
WARNING: A Java agent has been loaded dynamically (/root/.gradle/caches/modules-2/files-2.1/net.bytebuddy/byte-buddy-agent/1.17.8/f09415827a71be7ed621c7bd02550678f28bc81c/byte-buddy-agent-1.17.8.jar)
WARNING: If a serviceability tool is in use, please run with -XX:+EnableDynamicAgentLoading to hide this warning
WARNING: If a serviceability tool is not in use, please run with -Djdk.instrument.traceUsage for more information
WARNING: Dynamic loading of agents will be disallowed by default in a future release
]]></system-err>
</testsuite>
