<?xml version="1.0" encoding="UTF-8"?>
<testsuite name="prac.demonote.domain.users.userTest" tests="1" skipped="0" failures="1" errors="0" timestamp="2025-12-23T15:16:57.295Z" hostname="DESKTOP-7LD8TIQ" time="0.229">
  <properties/>
  <testcase name="user는 BaseTimeWithUpdateEntity의 필드를 상속받아 접근할 수 있다" classname="prac.demonote.domain.users.userTest" time="0.229">
    <failure message="org.opentest4j.AssertionFailedError: &#10;expected: null&#10; but was: 2025-12-24T00:16:57.322551236 (java.time.LocalDateTime)" type="org.opentest4j.AssertionFailedError">org.opentest4j.AssertionFailedError: 
expected: null
 but was: 2025-12-24T00:16:57.322551236 (java.time.LocalDateTime)
	at app//prac.demonote.domain.users.userTest.user_상속_필드_접근_가능(userTest.java:29)
</failure>
  </testcase>
  <system-out><![CDATA[]]></system-out>
  <system-err><![CDATA[]]></system-err>
</testsuite>
