<!DOCTYPE html>
<html>
<head>
<meta http-equiv="Content-Type" content="text/html; charset=utf-8"/>
<meta http-equiv="x-ua-compatible" content="IE=edge"/>
<title>Test results - UserControllerTest</title>
<link href="../css/base-style.css" rel="stylesheet" type="text/css"/>
<link href="../css/style.css" rel="stylesheet" type="text/css"/>
<script src="../js/report.js" type="text/javascript"></script>
</head>
<body>
<div id="content">
<h1>UserControllerTest</h1>
<div class="breadcrumbs">
<a href="../index.html">all</a> &gt; 
<a href="../packages/prac.demonote.domain.users.html">prac.demonote.domain.users</a> &gt; UserControllerTest</div>
<div id="summary">
<table>
<tr>
<td>
<div class="summaryGroup">
<table>
<tr>
<td>
<div class="infoBox" id="tests">
<div class="counter">7</div>
<p>tests</p>
</div>
</td>
<td>
<div class="infoBox" id="failures">
<div class="counter">0</div>
<p>failures</p>
</div>
</td>
<td>
<div class="infoBox" id="ignored">
<div class="counter">0</div>
<p>ignored</p>
</div>
</td>
<td>
<div class="infoBox" id="duration">
<div class="counter">1.014s</div>
<p>duration</p>
</div>
</td>
</tr>
</table>
</div>
</td>
<td>
<div class="infoBox success" id="successRate">
<div class="percent">100%</div>
<p>successful</p>
</div>
</td>
</tr>
</table>
</div>
<div class="tab-container">
<ul class="tabLinks">
<li>
<a href="#">Tests</a>
</li>
<li>
<a href="#">Standard output</a>
</li>
<li>
<a href="#">Standard error</a>
</li>
</ul>
<div class="tab">
<h2>Tests</h2>
<table>
<thead>
<tr>
<th>Test</th>
<th>Duration</th>
<th>Result</th>
</tr>
</thead>
<tr>
<td class="success">사용자_생성_요청_본문이_없으면_400을_반환한다()</td>
<td class="success">0.044s</td>
<td class="success">passed</td>
</tr>
<tr>
<td class="success">사용자_생성_요청이_JSON이_아니면_415를_반환한다()</td>
<td class="success">0.028s</td>
<td class="success">passed</td>
</tr>
<tr>
<td class="success">사용자_생성_요청이_잘못된_JSON이면_400을_반환한다()</td>
<td class="success">0.026s</td>
<td class="success">passed</td>
</tr>
<tr>
<td class="success">유효하지_않은_ID로_조회하면_400을_반환한다()</td>
<td class="success">0.289s</td>
<td class="success">passed</td>
</tr>
<tr>
<td class="success">유효한_사용자_생성_요청()</td>
<td class="success">0.571s</td>
<td class="success">passed</td>
</tr>
<tr>
<td class="success">유효한_사용자를_조회하면_200을_반환한다()</td>
<td class="success">0.029s</td>
<td class="success">passed</td>
</tr>
<tr>
<td class="success">존재하지_않는_사용자를_조회하면_404를_반환한다()</td>
<td class="success">0.027s</td>
<td class="success">passed</td>
</tr>
</table>
</div>
<div class="tab">
<h2>Standard output</h2>
<span class="code">
<pre id="class-stdout">01:50:06.176 [Test worker] INFO org.springframework.test.context.support.AnnotationConfigContextLoaderUtils -- Could not detect default configuration classes for test class [prac.demonote.domain.users.UserControllerTest]: UserControllerTest does not declare any static, non-private, non-final, nested classes annotated with @Configuration.
01:50:06.572 [Test worker] INFO org.springframework.boot.test.context.SpringBootTestContextBootstrapper -- Found @SpringBootConfiguration prac.demonote.DemoNoteApplication for test class prac.demonote.domain.users.UserControllerTest

  .   ____          _            __ _ _
 /\\ / ___'_ __ _ _(_)_ __  __ _ \ \ \ \
( ( )\___ | '_ | '_| | '_ \/ _` | \ \ \ \
 \\/  ___)| |_)| | | | | || (_| |  ) ) ) )
  '  |____| .__|_| |_|_| |_\__, | / / / /
 =========|_|==============|___/=/_/_/_/

 :: Spring Boot ::                (v4.0.0)

2025-12-24T01:50:07.493+09:00  INFO 51400 --- [    Test worker] p.d.domain.users.UserControllerTest      : Starting UserControllerTest using Java 21.0.9 with PID 51400 (started by root in /root/note-taking-back)
2025-12-24T01:50:07.497+09:00  INFO 51400 --- [    Test worker] p.d.domain.users.UserControllerTest      : No active profile set, falling back to 1 default profile: &quot;default&quot;
2025-12-24T01:50:11.057+09:00 TRACE 51400 --- [    Test worker] s.w.s.m.m.a.RequestMappingHandlerMapping : 
	p.d.d.u.UserController:
	{POST [/api/users]}: createUser(UserRequest)
	{GET [/api/users/{userId}]}: getUser(UUID)
2025-12-24T01:50:11.097+09:00 TRACE 51400 --- [    Test worker] s.w.s.m.m.a.RequestMappingHandlerMapping : 
	o.s.b.w.a.e.BasicErrorController:
	{ [/error]}: error(HttpServletRequest)
	{ [/error], produces [text/html]}: errorHtml(HttpServletRequest,HttpServletResponse)
2025-12-24T01:50:11.106+09:00 DEBUG 51400 --- [    Test worker] s.w.s.m.m.a.RequestMappingHandlerMapping : 4 mappings in 'requestMappingHandlerMapping'
2025-12-24T01:50:11.269+09:00 DEBUG 51400 --- [    Test worker] s.w.s.m.m.a.RequestMappingHandlerAdapter : ControllerAdvice beans: 0 @ModelAttribute, 0 @InitBinder, 1 RequestBodyAdvice, 1 ResponseBodyAdvice
2025-12-24T01:50:11.407+09:00 DEBUG 51400 --- [    Test worker] .m.m.a.ExceptionHandlerExceptionResolver : ControllerAdvice beans: 0 @ExceptionHandler, 1 ResponseBodyAdvice
2025-12-24T01:50:11.517+09:00  INFO 51400 --- [    Test worker] o.s.b.t.m.w.SpringBootMockServletContext : Initializing Spring TestDispatcherServlet ''
2025-12-24T01:50:11.518+09:00  INFO 51400 --- [    Test worker] o.s.t.web.servlet.TestDispatcherServlet  : Initializing Servlet ''
2025-12-24T01:50:11.528+09:00  INFO 51400 --- [    Test worker] o.s.t.web.servlet.TestDispatcherServlet  : Completed initialization in 7 ms
2025-12-24T01:50:11.601+09:00  INFO 51400 --- [    Test worker] p.d.domain.users.UserControllerTest      : Started UserControllerTest in 4.905 seconds (process running for 8.438)
2025-12-24T01:50:11.808+09:00 TRACE 51400 --- [    Test worker] s.w.s.m.m.a.RequestMappingHandlerMapping : Mapped to prac.demonote.domain.users.UserController#getUser(UUID)
2025-12-24T01:50:11.876+09:00  WARN 51400 --- [    Test worker] .w.s.m.s.DefaultHandlerExceptionResolver : Resolved [org.springframework.web.method.annotation.MethodArgumentTypeMismatchException: Method parameter 'userId': Failed to convert value of type 'java.lang.String' to required type 'java.util.UUID'; Invalid UUID string: invalid-uuid]
2025-12-24T01:50:11.945+09:00 TRACE 51400 --- [    Test worker] s.w.s.m.m.a.RequestMappingHandlerMapping : Mapped to prac.demonote.domain.users.UserController#createUser(UserRequest)
2025-12-24T01:50:11.958+09:00 TRACE 51400 --- [    Test worker] m.m.a.RequestResponseBodyMethodProcessor : Read &quot;application/json;charset=UTF-8&quot; to []
2025-12-24T01:50:11.964+09:00  WARN 51400 --- [    Test worker] .w.s.m.s.DefaultHandlerExceptionResolver : Resolved [org.springframework.http.converter.HttpMessageNotReadableException: Required request body is missing: public org.springframework.http.ResponseEntity&lt;prac.demonote.domain.users.dto.UserResponse&gt; prac.demonote.domain.users.UserController.createUser(prac.demonote.domain.users.dto.UserRequest)]
2025-12-24T01:50:12.136+09:00 TRACE 51400 --- [    Test worker] s.w.s.m.m.a.RequestMappingHandlerMapping : Mapped to prac.demonote.domain.users.UserController#createUser(UserRequest)
2025-12-24T01:50:12.200+09:00 TRACE 51400 --- [    Test worker] m.m.a.RequestResponseBodyMethodProcessor : Read &quot;application/json;charset=UTF-8&quot; to [UserRequest[email=new@example.com, provider=GITHUB, providerId=gh-123]]
2025-12-24T01:50:12.287+09:00 DEBUG 51400 --- [    Test worker] o.s.w.s.m.m.a.HttpEntityMethodProcessor  : Using 'application/json', given [application/json] and supported [application/json, application/*+json, application/yaml]
2025-12-24T01:50:12.298+09:00 TRACE 51400 --- [    Test worker] o.s.w.s.m.m.a.HttpEntityMethodProcessor  : Writing [UserResponse[id=6bb3d83c-bc7b-4b46-84f1-4a626cefb00e, email=new@example.com, provider=GITHUB, providerId=gh-123]]
2025-12-24T01:50:12.319+09:00 TRACE 51400 --- [    Test worker] s.w.s.m.m.a.RequestMappingHandlerAdapter : Applying default cacheSeconds=-1
2025-12-24T01:50:12.570+09:00 TRACE 51400 --- [    Test worker] s.w.s.m.m.a.RequestMappingHandlerMapping : Mapped to prac.demonote.domain.users.UserController#createUser(UserRequest)
2025-12-24T01:50:12.574+09:00  WARN 51400 --- [    Test worker] .w.s.m.s.DefaultHandlerExceptionResolver : Resolved [org.springframework.http.converter.HttpMessageNotReadableException: JSON parse error: Unexpected end-of-input: expected close marker for Object (start marker at [Source: REDACTED (`StreamReadFeature.INCLUDE_SOURCE_IN_LOCATION` disabled); byte offset: #UNKNOWN])]
2025-12-24T01:50:12.603+09:00 TRACE 51400 --- [    Test worker] s.w.s.m.m.a.RequestMappingHandlerMapping : Mapped to prac.demonote.domain.users.UserController#createUser(UserRequest)
2025-12-24T01:50:12.611+09:00  WARN 51400 --- [    Test worker] .w.s.m.s.DefaultHandlerExceptionResolver : Resolved [org.springframework.web.HttpMediaTypeNotSupportedException: Content-Type 'text/plain;charset=UTF-8' is not supported]
2025-12-24T01:50:12.637+09:00 TRACE 51400 --- [    Test worker] s.w.s.m.m.a.RequestMappingHandlerMapping : Mapped to prac.demonote.domain.users.UserController#getUser(UUID)
2025-12-24T01:50:12.646+09:00 DEBUG 51400 --- [    Test worker] o.s.w.s.m.m.a.HttpEntityMethodProcessor  : Using 'application/json', given [application/json] and supported [application/json, application/*+json, application/yaml]
2025-12-24T01:50:12.647+09:00 TRACE 51400 --- [    Test worker] o.s.w.s.m.m.a.HttpEntityMethodProcessor  : Writing [UserResponse[id=07be68c6-753e-4b5f-a43c-b179283e51b7, email=user@example.com, provider=GOOGLE, providerId=provider-id]]
2025-12-24T01:50:12.649+09:00 TRACE 51400 --- [    Test worker] s.w.s.m.m.a.RequestMappingHandlerAdapter : Applying default cacheSeconds=-1
2025-12-24T01:50:12.675+09:00 TRACE 51400 --- [    Test worker] s.w.s.m.m.a.RequestMappingHandlerMapping : Mapped to prac.demonote.domain.users.UserController#getUser(UUID)
2025-12-24T01:50:12.678+09:00 DEBUG 51400 --- [    Test worker] .m.m.a.ExceptionHandlerExceptionResolver : Using @ExceptionHandler prac.demonote.domain.users.UserController#handleUserNotFound()
2025-12-24T01:50:12.681+09:00 DEBUG 51400 --- [    Test worker] o.s.w.s.m.m.a.HttpEntityMethodProcessor  : Using 'application/json', given [*/*] and supported [application/json, application/*+json, application/yaml]
2025-12-24T01:50:12.682+09:00 DEBUG 51400 --- [    Test worker] o.s.w.s.m.m.a.HttpEntityMethodProcessor  : Nothing to write: null body
2025-12-24T01:50:12.682+09:00 DEBUG 51400 --- [    Test worker] .m.m.a.ExceptionHandlerExceptionResolver : Resolved [prac.demonote.domain.users.UserNotFoundException: User not found: cb7c8cf4-3896-4091-80c1-7484c3587522]
</pre>
<button class="clipboard-copy-btn" aria-label="Copy to clipboard" data-copy-element-id="class-stdout">Copy</button>
</span>
</div>
<div class="tab">
<h2>Standard error</h2>
<span class="code">
<pre id="class-stderr">Mockito is currently self-attaching to enable the inline-mock-maker. This will no longer work in future releases of the JDK. Please add Mockito as an agent to your build as described in Mockito's documentation: https://javadoc.io/doc/org.mockito/mockito-core/latest/org.mockito/org/mockito/Mockito.html#0.3
WARNING: A Java agent has been loaded dynamically (/root/.gradle/caches/modules-2/files-2.1/net.bytebuddy/byte-buddy-agent/1.17.8/f09415827a71be7ed621c7bd02550678f28bc81c/byte-buddy-agent-1.17.8.jar)
WARNING: If a serviceability tool is in use, please run with -XX:+EnableDynamicAgentLoading to hide this warning
WARNING: If a serviceability tool is not in use, please run with -Djdk.instrument.traceUsage for more information
WARNING: Dynamic loading of agents will be disallowed by default in a future release
</pre>
<button class="clipboard-copy-btn" aria-label="Copy to clipboard" data-copy-element-id="class-stderr">Copy</button>
</span>
</div>
</div>
<div id="footer">
<p>
<div>
<label class="hidden" id="label-for-line-wrapping-toggle" for="line-wrapping-toggle">Wrap lines
<input id="line-wrapping-toggle" type="checkbox" autocomplete="off"/>
</label>
</div>Generated by 
<a href="https://www.gradle.org">Gradle 9.2.1</a> at Dec 24, 2025, 1:50:12 AM</p>
</div>
</div>
</body>
</html>
